<?xml version="1.0" encoding="UTF-8"?>
<!-- Generated by org.testng.reporters.JUnitXMLReporter -->
<testsuite hostname="LAPTOP-NP02N04O" ignored="0" name="Test" tests="2" failures="2" timestamp="15 May 2023 04:03:21 GMT" time="2.158" errors="0">
  <testcase name="loginAsadmin" time="0.024" classname="test.testcase.State_City">
    <failure type="java.lang.NullPointerException">
      <![CDATA[java.lang.NullPointerException
at test.utilities.ListenerClass.onTestStart(ListenerClass.java:25)
... Removed 22 stack frames]]>
    </failure>
  </testcase> <!-- loginAsadmin -->
  <testcase name="loginAsadmin" time="0.057" classname="test.testcase.State_City">
    <failure type="java.lang.NullPointerException">
      <![CDATA[java.lang.NullPointerException
at test.utilities.ListenerClass.onTestFailure(ListenerClass.java:37)
... Removed 22 stack frames]]>
    </failure>
  </testcase> <!-- loginAsadmin -->
</testsuite> <!-- Test -->
